d:\sudarshan_bisht_rightware_assignment\createtextureatlas\createtextureatlas\release\vc141.pdb
d:\sudarshan_bisht_rightware_assignment\createtextureatlas\createtextureatlas\release\picturespath.obj
d:\sudarshan_bisht_rightware_assignment\createtextureatlas\createtextureatlas\release\pictureoperation.obj
d:\sudarshan_bisht_rightware_assignment\createtextureatlas\createtextureatlas\release\createtextureatlas.obj
d:\sudarshan_bisht_rightware_assignment\createtextureatlas\release\createtextureatlas.ipdb
d:\sudarshan_bisht_rightware_assignment\createtextureatlas\release\createtextureatlas.iobj
d:\sudarshan_bisht_rightware_assignment\createtextureatlas\release\createtextureatlas.exe
d:\sudarshan_bisht_rightware_assignment\createtextureatlas\release\createtextureatlas.pdb
d:\sudarshan_bisht_rightware_assignment\withlinuxexe\sudarshan_bisht_rightware_assignment\createtextureatlas\createtextureatlas\release\createtextureatlas.obj
d:\sudarshan_bisht_rightware_assignment\withlinuxexe\sudarshan_bisht_rightware_assignment\createtextureatlas\createtextureatlas\release\pictureoperation.obj
d:\sudarshan_bisht_rightware_assignment\withlinuxexe\sudarshan_bisht_rightware_assignment\createtextureatlas\createtextureatlas\release\picturespath.obj
d:\sudarshan_bisht_rightware_assignment\withlinuxexe\sudarshan_bisht_rightware_assignment\createtextureatlas\createtextureatlas\release\vc141.pdb
d:\sudarshan_bisht_rightware_assignment\withlinuxexe\sudarshan_bisht_rightware_assignment\createtextureatlas\release\createtextureatlas.pdb
d:\sudarshan_bisht_rightware_assignment\withlinuxexe\sudarshan_bisht_rightware_assignment\createtextureatlas\release\createtextureatlas.exe
d:\sudarshan_bisht_rightware_assignment\withlinuxexe\sudarshan_bisht_rightware_assignment\createtextureatlas\createtextureatlas\release\createte.b607d3db.tlog\cl.command.1.tlog
d:\sudarshan_bisht_rightware_assignment\withlinuxexe\sudarshan_bisht_rightware_assignment\createtextureatlas\createtextureatlas\release\createte.b607d3db.tlog\cl.read.1.tlog
d:\sudarshan_bisht_rightware_assignment\withlinuxexe\sudarshan_bisht_rightware_assignment\createtextureatlas\createtextureatlas\release\createte.b607d3db.tlog\cl.write.1.tlog
d:\sudarshan_bisht_rightware_assignment\withlinuxexe\sudarshan_bisht_rightware_assignment\createtextureatlas\createtextureatlas\release\createte.b607d3db.tlog\createtextureatlas.write.1u.tlog
d:\sudarshan_bisht_rightware_assignment\withlinuxexe\sudarshan_bisht_rightware_assignment\createtextureatlas\createtextureatlas\release\createte.b607d3db.tlog\link.command.1.tlog
d:\sudarshan_bisht_rightware_assignment\withlinuxexe\sudarshan_bisht_rightware_assignment\createtextureatlas\createtextureatlas\release\createte.b607d3db.tlog\link.read.1.tlog
d:\sudarshan_bisht_rightware_assignment\withlinuxexe\sudarshan_bisht_rightware_assignment\createtextureatlas\createtextureatlas\release\createte.b607d3db.tlog\link.write.1.tlog
